[2025-11-25T04:24:51.450Z] [INFO] News Update Success
{"count":5}

[2025-11-25T04:24:52.215Z] [INFO] Hackathons Update Success
{"count":10}

[2025-11-25T04:25:24.380Z] [INFO] Hackathons Update Success
{"count":10}

[2025-11-25T04:25:25.182Z] [INFO] News Update Success
{"count":5}

[2025-11-25T04:37:49.494Z] [INFO] News Update Success
{"count":5}

[2025-11-25T04:37:50.484Z] [INFO] Hackathons Update Success
{"count":10}

[2025-11-25T04:48:39.269Z] [INFO] News Update Success
{"count":5}

[2025-11-25T04:48:40.135Z] [INFO] Hackathons Update Success
{"count":10}

[2025-11-25T04:48:54.452Z] [INFO] Hackathons Update Success
{"count":10}

[2025-11-25T04:48:54.455Z] [INFO] News Update Success
{"count":5}

[2025-11-25T04:49:04.024Z] [INFO] Hackathons Update Success
{"count":10}

[2025-11-25T04:49:04.038Z] [INFO] News Update Success
{"count":5}

[2025-11-25T04:56:18.855Z] [INFO] News Update Success
{"count":5}

[2025-11-25T04:56:19.616Z] [INFO] Hackathons Update Success
{"count":10}

[2025-11-25T05:09:02.814Z] [INFO] News Update Success
{"count":5}

[2025-11-25T05:09:04.405Z] [INFO] Hackathons Update Success
{"count":10}

[2025-11-25T05:16:04.238Z] [INFO] News Update Success
{"count":5}

[2025-11-25T05:16:05.230Z] [INFO] Hackathons Update Success
{"count":10}

[2025-11-25T05:17:20.293Z] [INFO] Hackathons Update Success
{"count":10}

[2025-11-25T05:17:20.300Z] [INFO] News Update Success
{"count":5}

[2025-11-25T05:22:14.271Z] [INFO] News Update Success
{"count":5}

[2025-11-25T05:22:14.292Z] [INFO] News Update Success
{"count":5}

[2025-11-25T05:22:16.518Z] [INFO] News Update Success
{"count":5}

[2025-11-25T05:22:16.527Z] [INFO] Hackathons Update Success
{"count":10}

[2025-11-25T05:22:16.549Z] [INFO] Hackathons Update Success
{"count":10}

[2025-11-25T05:22:16.584Z] [INFO] News Update Success
{"count":5}

[2025-11-25T05:22:18.619Z] [INFO] Hackathons Update Success
{"count":10}

[2025-11-25T05:22:18.636Z] [INFO] News Update Success
{"count":5}

[2025-11-25T05:22:18.712Z] [INFO] Hackathons Update Success
{"count":10}

[2025-11-25T05:22:18.719Z] [INFO] News Update Success
{"count":5}

[2025-11-25T05:22:50.591Z] [INFO] News Update Success
{"count":5}

[2025-11-25T05:22:50.613Z] [INFO] Hackathons Update Success
{"count":10}

[2025-11-25T06:59:38.318Z] [INFO] News Update Success
{"count":5}

[2025-11-25T06:59:38.719Z] [INFO] News Update Success
{"count":5}

[2025-11-25T06:59:39.651Z] [INFO] Hackathons Update Success
{"count":10}

[2025-11-25T06:59:39.837Z] [INFO] Hackathons Update Success
{"count":10}

[2025-11-25T08:21:17.357Z] [INFO] News Update Success
{"count":5}

[2025-11-25T08:21:17.949Z] [INFO] News Update Success
{"count":5}

[2025-11-25T08:21:17.972Z] [INFO] Hackathons Update Success
{"count":10}

[2025-11-25T08:21:18.107Z] [INFO] Hackathons Update Success
{"count":10}

[2025-11-25T10:03:02.709Z] [INFO] News Update Success
{"count":5}

[2025-11-25T10:03:02.729Z] [INFO] News Update Success
{"count":5}

[2025-11-25T10:03:03.303Z] [INFO] Hackathons Update Success
{"count":10}

[2025-11-25T10:03:03.812Z] [INFO] Hackathons Update Success
{"count":10}

[2025-11-25T10:03:06.504Z] [INFO] Hackathons Update Success
{"count":10}

[2025-11-25T10:03:06.680Z] [INFO] Hackathons Update Success
{"count":10}

[2025-11-25T10:03:07.245Z] [INFO] News Update Success
{"count":5}

[2025-11-25T10:03:07.246Z] [INFO] News Update Success
{"count":5}

[2025-11-25T10:04:44.840Z] [INFO] Hackathons Update Success
{"count":10}

[2025-11-25T10:04:44.864Z] [INFO] News Update Success
{"count":5}

[2025-11-25T10:04:45.011Z] [INFO] News Update Success
{"count":5}

[2025-11-25T10:04:45.042Z] [INFO] Hackathons Update Success
{"count":10}

[2025-11-25T10:23:40.434Z] [INFO] News Update Success
{"count":5}

[2025-11-25T10:23:40.444Z] [INFO] News Update Success
{"count":5}

[2025-11-25T10:23:41.365Z] [INFO] Hackathons Update Success
{"count":10}

[2025-11-25T10:23:41.570Z] [INFO] Hackathons Update Success
{"count":10}

[2025-11-25T10:25:26.753Z] [INFO] News Update Success
{"count":5}

[2025-11-25T10:25:26.757Z] [INFO] Hackathons Update Success
{"count":10}

[2025-11-25T10:25:26.795Z] [INFO] Hackathons Update Success
{"count":10}

[2025-11-25T10:25:26.798Z] [INFO] News Update Success
{"count":5}

[2025-11-25T10:25:57.424Z] [INFO] Hackathons Update Success
{"count":10}

[2025-11-25T10:25:57.427Z] [INFO] News Update Success
{"count":5}

[2025-11-25T10:25:57.435Z] [INFO] Hackathons Update Success
{"count":10}

[2025-11-25T10:25:57.440Z] [INFO] News Update Success
{"count":5}

[2025-11-25T10:44:31.910Z] [INFO] News Update Success
{"count":5}

[2025-11-25T10:44:32.922Z] [INFO] Hackathons Update Success
{"count":10}

[2025-11-25T10:44:33.588Z] [INFO] Hackathons Update Success
{"count":10}

[2025-11-25T10:44:33.599Z] [INFO] News Update Success
{"count":5}

[2025-11-25T10:45:20.085Z] [INFO] Hackathons Update Success
{"count":10}

[2025-11-25T10:45:20.123Z] [INFO] News Update Success
{"count":5}

[2025-11-25T10:45:21.948Z] [INFO] Hackathons Update Success
{"count":10}

[2025-11-25T10:45:22.128Z] [INFO] News Update Success
{"count":5}

[2025-11-25T10:47:08.380Z] [INFO] Hackathons Update Success
{"count":10}

[2025-11-25T10:47:08.530Z] [INFO] News Update Success
{"count":5}

[2025-11-25T10:47:08.906Z] [INFO] Hackathons Update Success
{"count":10}

[2025-11-25T10:47:08.928Z] [INFO] News Update Success
{"count":5}

[2025-11-25T13:47:09.326Z] [INFO] News Update Success
{"count":5}

[2025-11-25T13:47:09.326Z] [INFO] News Update Success
{"count":5}

[2025-11-25T16:47:09.149Z] [INFO] News Update Success
{"count":5}

[2025-11-25T16:47:09.150Z] [INFO] News Update Success
{"count":5}

[2025-11-25T16:47:09.781Z] [INFO] Hackathons Update Success
{"count":10}

[2025-11-25T16:47:10.334Z] [INFO] Hackathons Update Success
{"count":10}

[2025-11-25T19:47:08.608Z] [INFO] News Update Success
{"count":5}

[2025-11-25T19:47:09.866Z] [INFO] News Update Success
{"count":5}

[2025-11-26T06:21:54.559Z] [INFO] News Update Success
{"count":5}

[2025-11-26T06:21:54.597Z] [INFO] Hackathons Update Success
{"count":10}

[2025-11-26T06:24:27.891Z] [INFO] Hackathons Update Success
{"count":10}

[2025-11-26T06:24:28.160Z] [INFO] News Update Success
{"count":5}

[2025-11-26T06:57:51.265Z] [INFO] News Update Success
{"count":5}

[2025-11-26T06:57:52.338Z] [INFO] Hackathons Update Success
{"count":10}

[2025-11-26T06:57:56.929Z] [INFO] News Update Success
{"count":5}

[2025-11-26T06:57:57.058Z] [INFO] Hackathons Update Success
{"count":10}

[2025-11-26T09:57:58.356Z] [INFO] News Update Success
{"count":5}

[2025-11-26T11:39:17.539Z] [INFO] News Update Success
{"count":5}

[2025-11-26T11:39:18.372Z] [INFO] Hackathons Update Success
{"count":10}

[2025-11-26T18:21:31.740Z] [INFO] News Update Success
{"count":5}

[2025-11-26T18:21:31.880Z] [INFO] Hackathons Update Success
{"count":10}

[2025-11-26T18:42:25.290Z] [INFO] News Update Success
{"count":5}

[2025-11-26T18:42:26.148Z] [INFO] Hackathons Update Success
{"count":10}

[2025-11-26T18:42:50.522Z] [INFO] Hackathons Update Success
{"count":10}

[2025-11-26T18:42:50.775Z] [INFO] News Update Success
{"count":5}

[2025-11-26T18:43:10.321Z] [INFO] Hackathons Update Success
{"count":10}

[2025-11-26T18:43:10.378Z] [INFO] News Update Success
{"count":5}

[2025-11-26T19:08:19.595Z] [INFO] Hackathons Update Success
{"count":10}

[2025-11-26T19:08:19.680Z] [INFO] News Update Success
{"count":5}

[2025-11-26T19:08:45.755Z] [INFO] Hackathons Update Success
{"count":10}

[2025-11-26T19:08:45.836Z] [INFO] News Update Success
{"count":5}

[2025-11-26T19:09:17.281Z] [INFO] Hackathons Update Success
{"count":10}

[2025-11-26T19:09:17.325Z] [INFO] News Update Success
{"count":5}

[2025-11-26T19:14:26.799Z] [INFO] News Update Success
{"count":5}

[2025-11-26T19:14:27.463Z] [INFO] Hackathons Update Success
{"count":10}

[2025-11-26T19:15:02.216Z] [INFO] Hackathons Update Success
{"count":10}

[2025-11-26T19:15:02.236Z] [INFO] News Update Success
{"count":5}

[2025-11-26T19:15:16.601Z] [INFO] Hackathons Update Success
{"count":10}

[2025-11-26T19:15:16.609Z] [INFO] News Update Success
{"count":5}

[2025-11-26T19:16:37.911Z] [INFO] Hackathons Update Success
{"count":10}

[2025-11-26T19:16:37.973Z] [INFO] News Update Success
{"count":5}

[2025-11-26T19:24:49.909Z] [INFO] News Update Success
{"count":5}

[2025-11-26T19:24:50.700Z] [INFO] Hackathons Update Success
{"count":10}

[2025-11-26T19:25:32.634Z] [INFO] Hackathons Update Success
{"count":10}

[2025-11-26T19:25:32.706Z] [INFO] News Update Success
{"count":5}

[2025-11-27T07:24:03.450Z] [INFO] News Update Success
{"count":5}

[2025-11-27T07:24:03.630Z] [INFO] Hackathons Update Success
{"count":10}

[2025-11-27T14:19:23.000Z] [WARNING] ❌ News Update Failed
News update failed

[2025-11-27T14:19:25.917Z] [WARNING] ❌ Hackathons Update Failed
Hackathons update failed

[2025-11-27T14:40:20.583Z] [INFO] Hackathons Update Success
{"count":10}

[2025-11-27T14:40:20.705Z] [INFO] News Update Success
{"count":5}

[2025-11-27T14:51:24.096Z] [INFO] Hackathons Update Success
{"count":10}

[2025-11-27T14:51:24.147Z] [INFO] News Update Success
{"count":5}

[2025-11-27T14:52:03.572Z] [INFO] Hackathons Update Success
{"count":10}

[2025-11-27T14:52:03.654Z] [INFO] News Update Success
{"count":5}

[2025-11-27T16:07:17.701Z] [INFO] News Update Success
{"count":5}

[2025-11-27T16:07:17.980Z] [INFO] Hackathons Update Success
{"count":10}

[2025-11-27T16:08:04.665Z] [INFO] Hackathons Update Success
{"count":10}

[2025-11-27T16:08:05.465Z] [INFO] News Update Success
{"count":5}

[2025-11-27T16:45:17.471Z] [INFO] Hackathons Update Success
{"count":10}

[2025-11-27T16:45:17.572Z] [INFO] News Update Success
{"count":5}

[2025-11-27T16:47:48.968Z] [INFO] Hackathons Update Success
{"count":10}

[2025-11-27T16:47:49.436Z] [INFO] News Update Success
{"count":5}

[2025-11-27T16:48:43.242Z] [INFO] Hackathons Update Success
{"count":10}

[2025-11-27T16:48:43.772Z] [INFO] News Update Success
{"count":5}

[2025-11-27T17:05:18.748Z] [INFO] News Update Success
{"count":5}

[2025-11-27T17:05:20.378Z] [INFO] Hackathons Update Success
{"count":10}

[2025-11-27T17:06:04.321Z] [INFO] Hackathons Update Success
{"count":10}

[2025-11-27T17:06:05.038Z] [INFO] News Update Success
{"count":5}

[2025-11-27T17:11:27.013Z] [INFO] News Update Success
{"count":5}

[2025-11-27T17:11:27.358Z] [INFO] Hackathons Update Success
{"count":10}

[2025-11-27T17:25:36.325Z] [INFO] News Update Success
{"count":5}

[2025-11-27T17:25:36.521Z] [INFO] Hackathons Update Success
{"count":10}

[2025-11-27T17:29:10.351Z] [INFO] Hackathons Update Success
{"count":10}

[2025-11-27T17:29:10.708Z] [INFO] News Update Success
{"count":5}

[2025-11-27T17:32:45.812Z] [INFO] News Update Success
{"count":5}

[2025-11-27T17:32:46.710Z] [INFO] Hackathons Update Success
{"count":10}

[2025-11-27T17:32:49.779Z] [INFO] Hackathons Update Success
{"count":10}

[2025-11-27T17:32:49.804Z] [INFO] News Update Success
{"count":5}

[2025-11-27T17:54:42.786Z] [INFO] News Update Success
{"count":5}

[2025-11-27T17:54:43.704Z] [INFO] Hackathons Update Success
{"count":10}

[2025-11-27T17:54:45.481Z] [INFO] Hackathons Update Success
{"count":10}

[2025-11-27T17:54:45.503Z] [INFO] News Update Success
{"count":5}

[2025-11-27T18:03:58.061Z] [INFO] News Update Success
{"count":5}

[2025-11-27T18:03:58.449Z] [INFO] Hackathons Update Success
{"count":10}

[2025-11-27T18:06:06.331Z] [INFO] Hackathons Update Success
{"count":10}

[2025-11-27T18:06:06.609Z] [INFO] News Update Success
{"count":5}

[2025-11-27T18:06:28.690Z] [INFO] Hackathons Update Success
{"count":10}

[2025-11-27T18:06:28.717Z] [INFO] News Update Success
{"count":5}

[2025-11-27T18:08:06.980Z] [INFO] Hackathons Update Success
{"count":10}

[2025-11-27T18:08:07.754Z] [INFO] News Update Success
{"count":5}

[2025-11-27T18:09:06.608Z] [INFO] News Update Success
{"count":5}

[2025-11-27T18:09:07.389Z] [INFO] Hackathons Update Success
{"count":10}

[2025-11-27T18:11:03.367Z] [INFO] Hackathons Update Success
{"count":10}

[2025-11-27T18:11:03.733Z] [INFO] News Update Success
{"count":5}

[2025-11-27T18:11:20.098Z] [INFO] Hackathons Update Success
{"count":10}

[2025-11-27T18:11:20.133Z] [INFO] News Update Success
{"count":5}

[2025-11-27T18:14:41.300Z] [INFO] News Update Success
{"count":5}

[2025-11-27T18:14:43.445Z] [INFO] News Update Success
{"count":5}

[2025-11-27T18:14:44.331Z] [INFO] Hackathons Update Success
{"count":10}

[2025-11-27T18:14:58.632Z] [INFO] Hackathons Update Success
{"count":10}

[2025-11-27T18:14:58.652Z] [INFO] News Update Success
{"count":5}

[2025-11-27T18:15:13.154Z] [INFO] Hackathons Update Success
{"count":10}

[2025-11-27T18:15:13.160Z] [INFO] News Update Success
{"count":5}

[2025-11-27T18:18:39.240Z] [INFO] Hackathons Update Success
{"count":10}

[2025-11-27T18:18:40.041Z] [INFO] News Update Success
{"count":5}

[2025-11-27T18:18:54.483Z] [INFO] Hackathons Update Success
{"count":10}

[2025-11-27T18:18:54.493Z] [INFO] News Update Success
{"count":5}

[2025-11-27T18:24:58.143Z] [INFO] News Update Success
{"count":5}

[2025-11-27T18:24:59.073Z] [INFO] Hackathons Update Success
{"count":10}

[2025-11-27T18:25:25.659Z] [INFO] Hackathons Update Success
{"count":10}

[2025-11-27T18:25:25.666Z] [INFO] News Update Success
{"count":5}

[2025-11-27T18:29:38.203Z] [INFO] Hackathons Update Success
{"count":10}

[2025-11-27T18:29:38.226Z] [INFO] News Update Success
{"count":5}

[2025-11-27T18:29:41.119Z] [INFO] Hackathons Update Success
{"count":10}

[2025-11-27T18:29:41.126Z] [INFO] News Update Success
{"count":5}

[2025-11-27T18:33:04.528Z] [INFO] News Update Success
{"count":5}

[2025-11-27T18:33:04.609Z] [INFO] News Update Success
{"count":5}

[2025-11-27T18:33:05.201Z] [INFO] Hackathons Update Success
{"count":10}

[2025-11-27T18:33:05.328Z] [INFO] Hackathons Update Success
{"count":10}

[2025-11-27T18:33:07.119Z] [INFO] Hackathons Update Success
{"count":10}

[2025-11-27T18:33:07.169Z] [INFO] News Update Success
{"count":5}

[2025-11-27T18:33:07.336Z] [INFO] Hackathons Update Success
{"count":10}

[2025-11-27T18:33:07.356Z] [INFO] News Update Success
{"count":5}

[2025-11-27T18:33:22.427Z] [INFO] Hackathons Update Success
{"count":10}

[2025-11-27T18:33:22.437Z] [INFO] News Update Success
{"count":5}

[2025-11-28T08:35:48.260Z] [INFO] News Update Success
{"count":5}

[2025-11-28T08:35:48.672Z] [INFO] Hackathons Update Success
{"count":10}

